This file contains any messages produced by compilers while
running configure, to aid debugging if configure makes a mistake.

It was created by librdrand configure 1.1, which was
generated by GNU Autoconf 2.68.  Invocation command line was

  $ ./configure CFLAGS=-fPIC

## --------- ##
## Platform. ##
## --------- ##

hostname = ubuntu-sgx
uname -m = x86_64
uname -r = 4.2.0-27-generic
uname -s = Linux
uname -v = #32~14.04.1-Ubuntu SMP Fri Jan 22 15:32:26 UTC 2016

/usr/bin/uname -p = unknown
/bin/uname -X     = unknown

/bin/arch              = unknown
/usr/bin/arch -k       = unknown
/usr/convex/getsysinfo = unknown
/usr/bin/hostinfo      = unknown
/bin/machine           = unknown
/usr/bin/oslevel       = unknown
/bin/universe          = unknown

PATH: /usr/local/sbin
PATH: /usr/local/bin
PATH: /usr/sbin
PATH: /usr/bin
PATH: /sbin
PATH: /bin
PATH: /usr/games
PATH: /usr/local/games


## ----------- ##
## Core tests. ##
## ----------- ##

configure:2009: checking for icc
configure:2039: result: no
configure:2009: checking for gcc
configure:2025: found /usr/bin/gcc
configure:2036: result: gcc
configure:2067: checking for C compiler version
configure:2076: gcc --version >&5
gcc (Ubuntu 4.8.4-2ubuntu1~14.04.3) 4.8.4
Copyright (C) 2013 Free Software Foundation, Inc.
This is free software; see the source for copying conditions.  There is NO
warranty; not even for MERCHANTABILITY or FITNESS FOR A PARTICULAR PURPOSE.

configure:2087: $? = 0
configure:2076: gcc -v >&5
Using built-in specs.
COLLECT_GCC=gcc
COLLECT_LTO_WRAPPER=/usr/lib/gcc/x86_64-linux-gnu/4.8/lto-wrapper
Target: x86_64-linux-gnu
Configured with: ../src/configure -v --with-pkgversion='Ubuntu 4.8.4-2ubuntu1~14.04.3' --with-bugurl=file:///usr/share/doc/gcc-4.8/README.Bugs --enable-languages=c,c++,java,go,d,fortran,objc,obj-c++ --prefix=/usr --program-suffix=-4.8 --enable-shared --enable-linker-build-id --libexecdir=/usr/lib --without-included-gettext --enable-threads=posix --with-gxx-include-dir=/usr/include/c++/4.8 --libdir=/usr/lib --enable-nls --with-sysroot=/ --enable-clocale=gnu --enable-libstdcxx-debug --enable-libstdcxx-time=yes --enable-gnu-unique-object --disable-libmudflap --enable-plugin --with-system-zlib --disable-browser-plugin --enable-java-awt=gtk --enable-gtk-cairo --with-java-home=/usr/lib/jvm/java-1.5.0-gcj-4.8-amd64/jre --enable-java-home --with-jvm-root-dir=/usr/lib/jvm/java-1.5.0-gcj-4.8-amd64 --with-jvm-jar-dir=/usr/lib/jvm-exports/java-1.5.0-gcj-4.8-amd64 --with-arch-directory=amd64 --with-ecj-jar=/usr/share/java/eclipse-ecj.jar --enable-objc-gc --enable-multiarch --disable-werror --with-arch-32=i686 --with-abi=m64 --with-multilib-list=m32,m64,mx32 --with-tune=generic --enable-checking=release --build=x86_64-linux-gnu --host=x86_64-linux-gnu --target=x86_64-linux-gnu
Thread model: posix
gcc version 4.8.4 (Ubuntu 4.8.4-2ubuntu1~14.04.3) 
configure:2087: $? = 0
configure:2076: gcc -V >&5
gcc: error: unrecognized command line option '-V'
gcc: fatal error: no input files
compilation terminated.
configure:2087: $? = 4
configure:2076: gcc -qversion >&5
gcc: error: unrecognized command line option '-qversion'
gcc: fatal error: no input files
compilation terminated.
configure:2087: $? = 4
configure:2107: checking whether the C compiler works
configure:2129: gcc -fPIC   conftest.c  >&5
configure:2133: $? = 0
configure:2181: result: yes
configure:2184: checking for C compiler default output file name
configure:2186: result: a.out
configure:2192: checking for suffix of executables
configure:2199: gcc -o conftest -fPIC   conftest.c  >&5
configure:2203: $? = 0
configure:2225: result: 
configure:2247: checking whether we are cross compiling
configure:2255: gcc -o conftest -fPIC   conftest.c  >&5
configure:2259: $? = 0
configure:2266: ./conftest
configure:2270: $? = 0
configure:2285: result: no
configure:2290: checking for suffix of object files
configure:2312: gcc -c -fPIC  conftest.c >&5
configure:2316: $? = 0
configure:2337: result: o
configure:2341: checking whether we are using the GNU C compiler
configure:2360: gcc -c -fPIC  conftest.c >&5
configure:2360: $? = 0
configure:2369: result: yes
configure:2378: checking whether gcc accepts -g
configure:2398: gcc -c -g  conftest.c >&5
configure:2398: $? = 0
configure:2439: result: yes
configure:2456: checking for gcc option to accept ISO C89
configure:2520: gcc  -c -fPIC  conftest.c >&5
configure:2520: $? = 0
configure:2533: result: none needed
configure:2556: checking if gcc knows the rdrand instruction
configure:2572: gcc -c -fPIC  conftest.c >&5
configure:2572: $? = 0
configure:2574: result: yes
configure:2588: checking how to run the C preprocessor
configure:2619: gcc -E  conftest.c
configure:2619: $? = 0
configure:2633: gcc -E  conftest.c
conftest.c:10:28: fatal error: ac_nonexistent.h: No such file or directory
 #include <ac_nonexistent.h>
                            ^
compilation terminated.
configure:2633: $? = 1
configure: failed program was:
| /* confdefs.h */
| #define PACKAGE_NAME "librdrand"
| #define PACKAGE_TARNAME "librdrand"
| #define PACKAGE_VERSION "1.1"
| #define PACKAGE_STRING "librdrand 1.1"
| #define PACKAGE_BUGREPORT "Intel Software Network"
| #define PACKAGE_URL ""
| #define HAVE_RDRAND_IN_GCC 1
| /* end confdefs.h.  */
| #include <ac_nonexistent.h>
configure:2658: result: gcc -E
configure:2678: gcc -E  conftest.c
configure:2678: $? = 0
configure:2692: gcc -E  conftest.c
conftest.c:10:28: fatal error: ac_nonexistent.h: No such file or directory
 #include <ac_nonexistent.h>
                            ^
compilation terminated.
configure:2692: $? = 1
configure: failed program was:
| /* confdefs.h */
| #define PACKAGE_NAME "librdrand"
| #define PACKAGE_TARNAME "librdrand"
| #define PACKAGE_VERSION "1.1"
| #define PACKAGE_STRING "librdrand 1.1"
| #define PACKAGE_BUGREPORT "Intel Software Network"
| #define PACKAGE_URL ""
| #define HAVE_RDRAND_IN_GCC 1
| /* end confdefs.h.  */
| #include <ac_nonexistent.h>
configure:2721: checking for grep that handles long lines and -e
configure:2779: result: /bin/grep
configure:2784: checking for egrep
configure:2846: result: /bin/grep -E
configure:2851: checking for ANSI C header files
configure:2871: gcc -c -fPIC  conftest.c >&5
configure:2871: $? = 0
configure:2944: gcc -o conftest -fPIC   conftest.c  >&5
configure:2944: $? = 0
configure:2944: ./conftest
configure:2944: $? = 0
configure:2955: result: yes
configure:2968: checking for sys/types.h
configure:2968: gcc -c -fPIC  conftest.c >&5
configure:2968: $? = 0
configure:2968: result: yes
configure:2968: checking for sys/stat.h
configure:2968: gcc -c -fPIC  conftest.c >&5
configure:2968: $? = 0
configure:2968: result: yes
configure:2968: checking for stdlib.h
configure:2968: gcc -c -fPIC  conftest.c >&5
configure:2968: $? = 0
configure:2968: result: yes
configure:2968: checking for string.h
configure:2968: gcc -c -fPIC  conftest.c >&5
configure:2968: $? = 0
configure:2968: result: yes
configure:2968: checking for memory.h
configure:2968: gcc -c -fPIC  conftest.c >&5
configure:2968: $? = 0
configure:2968: result: yes
configure:2968: checking for strings.h
configure:2968: gcc -c -fPIC  conftest.c >&5
configure:2968: $? = 0
configure:2968: result: yes
configure:2968: checking for inttypes.h
configure:2968: gcc -c -fPIC  conftest.c >&5
configure:2968: $? = 0
configure:2968: result: yes
configure:2968: checking for stdint.h
configure:2968: gcc -c -fPIC  conftest.c >&5
configure:2968: $? = 0
configure:2968: result: yes
configure:2968: checking for unistd.h
configure:2968: gcc -c -fPIC  conftest.c >&5
configure:2968: $? = 0
configure:2968: result: yes
configure:2982: checking for inttypes.h
configure:2982: result: yes
configure:3113: creating ./config.status

## ---------------------- ##
## Running config.status. ##
## ---------------------- ##

This file was extended by librdrand config.status 1.1, which was
generated by GNU Autoconf 2.68.  Invocation command line was

  CONFIG_FILES    = 
  CONFIG_HEADERS  = 
  CONFIG_LINKS    = 
  CONFIG_COMMANDS = 
  $ ./config.status 

on ubuntu-sgx

config.status:811: creating Makefile
config.status:811: creating config.h

## ---------------- ##
## Cache variables. ##
## ---------------- ##

ac_cv_c_compiler_gnu=yes
ac_cv_env_CC_set=
ac_cv_env_CC_value=
ac_cv_env_CFLAGS_set=set
ac_cv_env_CFLAGS_value=-fPIC
ac_cv_env_CPPFLAGS_set=
ac_cv_env_CPPFLAGS_value=
ac_cv_env_CPP_set=
ac_cv_env_CPP_value=
ac_cv_env_LDFLAGS_set=
ac_cv_env_LDFLAGS_value=
ac_cv_env_LIBS_set=
ac_cv_env_LIBS_value=
ac_cv_env_build_alias_set=
ac_cv_env_build_alias_value=
ac_cv_env_host_alias_set=
ac_cv_env_host_alias_value=
ac_cv_env_target_alias_set=
ac_cv_env_target_alias_value=
ac_cv_header_inttypes_h=yes
ac_cv_header_memory_h=yes
ac_cv_header_stdc=yes
ac_cv_header_stdint_h=yes
ac_cv_header_stdlib_h=yes
ac_cv_header_string_h=yes
ac_cv_header_strings_h=yes
ac_cv_header_sys_stat_h=yes
ac_cv_header_sys_types_h=yes
ac_cv_header_unistd_h=yes
ac_cv_objext=o
ac_cv_path_EGREP='/bin/grep -E'
ac_cv_path_GREP=/bin/grep
ac_cv_prog_CPP='gcc -E'
ac_cv_prog_ac_ct_CC=gcc
ac_cv_prog_cc_c89=
ac_cv_prog_cc_g=yes

## ----------------- ##
## Output variables. ##
## ----------------- ##

CC='gcc'
CFLAGS='-fPIC'
CPP='gcc -E'
CPPFLAGS=''
DEFS='-DHAVE_CONFIG_H'
ECHO_C=''
ECHO_N='-n'
ECHO_T=''
EGREP='/bin/grep -E'
EXEEXT=''
GREP='/bin/grep'
LDFLAGS=''
LIBOBJS=''
LIBS=''
LTLIBOBJS=''
OBJEXT='o'
PACKAGE_BUGREPORT='Intel Software Network'
PACKAGE_NAME='librdrand'
PACKAGE_STRING='librdrand 1.1'
PACKAGE_TARNAME='librdrand'
PACKAGE_URL=''
PACKAGE_VERSION='1.1'
PATH_SEPARATOR=':'
SHELL='/bin/bash'
ac_ct_CC='gcc'
bindir='${exec_prefix}/bin'
build_alias=''
datadir='${datarootdir}'
datarootdir='${prefix}/share'
docdir='${datarootdir}/doc/${PACKAGE_TARNAME}'
dvidir='${docdir}'
exec_prefix='${prefix}'
host_alias=''
htmldir='${docdir}'
includedir='${prefix}/include'
infodir='${datarootdir}/info'
libdir='${exec_prefix}/lib'
libexecdir='${exec_prefix}/libexec'
localedir='${datarootdir}/locale'
localstatedir='${prefix}/var'
mandir='${datarootdir}/man'
oldincludedir='/usr/include'
pdfdir='${docdir}'
prefix='/usr/local'
program_transform_name='s,x,x,'
psdir='${docdir}'
sbindir='${exec_prefix}/sbin'
sharedstatedir='${prefix}/com'
sysconfdir='${prefix}/etc'
target_alias=''

## ----------- ##
## confdefs.h. ##
## ----------- ##

/* confdefs.h */
#define PACKAGE_NAME "librdrand"
#define PACKAGE_TARNAME "librdrand"
#define PACKAGE_VERSION "1.1"
#define PACKAGE_STRING "librdrand 1.1"
#define PACKAGE_BUGREPORT "Intel Software Network"
#define PACKAGE_URL ""
#define HAVE_RDRAND_IN_GCC 1
#define STDC_HEADERS 1
#define HAVE_SYS_TYPES_H 1
#define HAVE_SYS_STAT_H 1
#define HAVE_STDLIB_H 1
#define HAVE_STRING_H 1
#define HAVE_MEMORY_H 1
#define HAVE_STRINGS_H 1
#define HAVE_INTTYPES_H 1
#define HAVE_STDINT_H 1
#define HAVE_UNISTD_H 1
#define HAVE_INTTYPES_H 1

configure: exit 0
